\BOOKMARK [1][-]{section.1}{\376\377\000I\000n\000t\000r\000o\000d\000u\000c\000t\000i\000o\000n}{}% 1
\BOOKMARK [1][-]{section.2}{\376\377\000T\000h\000e\000o\000r\000y\000\040\000a\000n\000d\000\040\000C\000o\000n\000c\000e\000p\000t\000u\000a\000l\000\040\000F\000r\000a\000m\000e\000w\000o\000r\000k}{}% 2
\BOOKMARK [2][-]{subsection.2.1}{\376\377\000B\000a\000s\000i\000c\000\040\000N\000e\000o\000c\000l\000a\000s\000s\000i\000c\000a\000l\000\040\000T\000h\000e\000o\000r\000y\000\040\000o\000f\000\040\000T\000a\000x\000e\000s\000\040\000a\000n\000d\000\040\000C\000o\000r\000p\000o\000r\000a\000t\000e\000\040\000I\000n\000v\000e\000s\000t\000m\000e\000n\000t}{section.2}% 3
\BOOKMARK [2][-]{subsection.2.2}{\376\377\000L\000i\000m\000i\000t\000a\000t\000i\000o\000n\000s\000\040\000o\000f\000\040\000B\000a\000s\000i\000c\000\040\000T\000h\000e\000o\000r\000y\000\040\000a\000n\000d\000\040\000I\000m\000p\000l\000i\000c\000a\000t\000i\000o\000n\000s\000\040\000f\000o\000r\000\040\000E\000m\000p\000i\000r\000i\000c\000a\000l\000\040\000R\000e\000s\000e\000a\000r\000c\000h}{section.2}% 4
\BOOKMARK [2][-]{subsection.2.3}{\376\377\000F\000r\000a\000m\000e\000w\000o\000r\000k\000\040\000f\000o\000r\000\040\000t\000h\000e\000\040\000R\000e\000v\000i\000e\000w\000\040\000a\000n\000d\000\040\000S\000u\000g\000g\000e\000s\000t\000i\000o\000n\000s\000\040\000f\000o\000r\000\040\000F\000u\000t\000u\000r\000e\000\040\000R\000e\000s\000e\000a\000r\000c\000h}{section.2}% 5
\BOOKMARK [1][-]{section.3}{\376\377\000I\000n\000v\000e\000s\000t\000m\000e\000n\000t\000\040\000L\000e\000v\000e\000l\000s\000\040\000a\000n\000d\000\040\000L\000o\000c\000a\000t\000i\000o\000n\000\040\000i\000n\000\040\000R\000e\000s\000p\000o\000n\000s\000e\000\040\000t\000o\000\040\000T\000a\000x\000a\000t\000i\000o\000n}{}% 6
\BOOKMARK [2][-]{subsection.3.1}{\376\377\000C\000o\000r\000p\000o\000r\000a\000t\000e\000\040\000I\000n\000v\000e\000s\000t\000m\000e\000n\000t\000\040\000a\000n\000d\000\040\000T\000a\000x\000a\000t\000i\000o\000n}{section.3}% 7
\BOOKMARK [3][-]{subsubsection.3.1.1}{\376\377\000C\000a\000p\000i\000t\000a\000l\000\040\000E\000x\000p\000e\000n\000d\000i\000t\000u\000r\000e\000s\000\040\000\050\000C\000a\000p\000e\000x\000\051}{subsection.3.1}% 8
\BOOKMARK [3][-]{subsubsection.3.1.2}{\376\377\000I\000n\000n\000o\000v\000a\000t\000i\000o\000n\000\040}{subsection.3.1}% 9
\BOOKMARK [3][-]{subsubsection.3.1.3}{\376\377\000M\000e\000r\000g\000e\000r\000s\000\040\000\046\000\040\000A\000c\000q\000u\000i\000s\000i\000t\000i\000o\000n\000s}{subsection.3.1}% 10
\BOOKMARK [3][-]{subsubsection.3.1.4}{\376\377\000S\000y\000n\000t\000h\000e\000s\000i\000s\000\040\000a\000n\000d\000\040\000S\000u\000g\000g\000e\000s\000t\000i\000o\000n\000s\000\040\000f\000o\000r\000\040\000F\000u\000t\000u\000r\000e\000\040\000R\000e\000s\000e\000a\000r\000c\000h}{subsection.3.1}% 11
\BOOKMARK [2][-]{subsection.3.2}{\376\377\000E\000m\000p\000l\000o\000y\000m\000e\000n\000t\000\040\000a\000n\000d\000\040\000T\000a\000x\000a\000t\000i\000o\000n}{section.3}% 12
\BOOKMARK [3][-]{subsubsection.3.2.1}{\376\377\000T\000h\000e\000o\000r\000e\000t\000i\000c\000a\000l\000\040\000U\000n\000d\000e\000r\000p\000i\000n\000n\000i\000n\000g\000s\000\040\000a\000n\000d\000\040\000O\000v\000e\000r\000v\000i\000e\000w}{subsection.3.2}% 13
\BOOKMARK [3][-]{subsubsection.3.2.2}{\376\377\000E\000v\000i\000d\000e\000n\000c\000e\000\040\000o\000n\000\040\000T\000h\000e\000o\000r\000e\000t\000i\000c\000a\000l\000\040\000M\000e\000c\000h\000a\000n\000i\000s\000m\000s}{subsection.3.2}% 14
\BOOKMARK [3][-]{subsubsection.3.2.3}{\376\377\000T\000a\000x\000\040\000E\000f\000f\000e\000c\000t\000s\000\040\000o\000n\000\040\000W\000o\000r\000k\000e\000r\000\040\000C\000o\000m\000p\000e\000n\000s\000a\000t\000i\000o\000n}{subsection.3.2}% 15
\BOOKMARK [3][-]{subsubsection.3.2.4}{\376\377\000O\000u\000t\000c\000o\000m\000e\000s\000\040\000B\000e\000y\000o\000n\000d\000\040\000E\000m\000p\000l\000o\000y\000m\000e\000n\000t\000\040\000a\000n\000d\000\040\000C\000o\000m\000p\000e\000n\000s\000a\000t\000i\000o\000n}{subsection.3.2}% 16
\BOOKMARK [3][-]{subsubsection.3.2.5}{\376\377\000S\000y\000n\000t\000h\000e\000s\000i\000s\000\040\000a\000n\000d\000\040\000S\000u\000g\000g\000e\000s\000t\000i\000o\000n\000s\000\040\000f\000o\000r\000\040\000F\000u\000t\000u\000r\000e\000\040\000R\000e\000s\000e\000a\000r\000c\000h}{subsection.3.2}% 17
\BOOKMARK [2][-]{subsection.3.3}{\376\377\000G\000e\000o\000g\000r\000a\000p\000h\000i\000c\000a\000l\000\040\000A\000l\000l\000o\000c\000a\000t\000i\000o\000n\000\040\000o\000f\000\040\000P\000h\000y\000s\000i\000c\000a\000l\000\040\000C\000a\000p\000i\000t\000a\000l\000\040\000a\000n\000d\000\040\000E\000m\000p\000l\000o\000y\000m\000e\000n\000t}{section.3}% 18
\BOOKMARK [3][-]{subsubsection.3.3.1}{\376\377\000T\000h\000e\000o\000r\000e\000t\000i\000c\000a\000l\000\040\000U\000n\000d\000e\000r\000p\000i\000n\000n\000i\000n\000g\000s\000\040\000a\000n\000d\000\040\000O\000v\000e\000r\000v\000i\000e\000w}{subsection.3.3}% 19
\BOOKMARK [3][-]{subsubsection.3.3.2}{\376\377\000W\000o\000r\000l\000d\000w\000i\000d\000e\000\040\000a\000n\000d\000\040\000T\000e\000r\000r\000i\000t\000o\000r\000i\000a\000l\000\040\000T\000a\000x\000\040\000R\000e\000g\000i\000m\000e\000s}{subsection.3.3}% 20
\BOOKMARK [3][-]{subsubsection.3.3.3}{\376\377\000C\000r\000o\000s\000s\000-\000b\000o\000r\000d\000e\000r\000\040\000I\000n\000v\000e\000s\000t\000m\000e\000n\000t\000\040\000a\000n\000d\000\040\000E\000m\000p\000l\000o\000y\000m\000e\000n\000t}{subsection.3.3}% 21
\BOOKMARK [3][-]{subsubsection.3.3.4}{\376\377\000S\000t\000a\000t\000e\000\040\000a\000n\000d\000\040\000L\000o\000c\000a\000l\000\040\000R\000e\000s\000e\000a\000r\000c\000h}{subsection.3.3}% 22
\BOOKMARK [3][-]{subsubsection.3.3.5}{\376\377\000S\000y\000n\000t\000h\000e\000s\000i\000s\000\040\000a\000n\000d\000\040\000S\000u\000g\000g\000e\000s\000t\000i\000o\000n\000s\000\040\000f\000o\000r\000\040\000F\000u\000t\000u\000r\000e\000\040\000R\000e\000s\000e\000a\000r\000c\000h}{subsection.3.3}% 23
\BOOKMARK [2][-]{subsection.3.4}{\376\377\000I\000n\000t\000e\000r\000s\000e\000c\000t\000i\000o\000n\000\040\000o\000f\000\040\000R\000e\000a\000l\000\040\000A\000c\000t\000i\000v\000i\000t\000y\000\040\000a\000n\000d\000\040\000T\000a\000x\000\040\000P\000l\000a\000n\000n\000i\000n\000g}{section.3}% 24
\BOOKMARK [3][-]{subsubsection.3.4.1}{\376\377\000T\000h\000e\000o\000r\000e\000t\000i\000c\000a\000l\000\040\000U\000n\000d\000e\000r\000p\000i\000n\000n\000i\000n\000g\000s\000\040\000a\000n\000d\000\040\000O\000v\000e\000r\000v\000i\000e\000w}{subsection.3.4}% 25
\BOOKMARK [3][-]{subsubsection.3.4.2}{\376\377\000T\000a\000x\000\040\000H\000a\000v\000e\000n\000\040\000I\000n\000v\000e\000s\000t\000m\000e\000n\000t}{subsection.3.4}% 26
\BOOKMARK [3][-]{subsubsection.3.4.3}{\376\377\000D\000y\000n\000a\000m\000i\000c\000s\000\040\000o\000f\000\040\000R\000e\000a\000l\000\040\000A\000c\000t\000i\000v\000i\000t\000y\000\040\000a\000n\000d\000\040\000I\000n\000c\000o\000m\000e\000\040\000S\000h\000i\000f\000t\000i\000n\000g}{subsection.3.4}% 27
\BOOKMARK [3][-]{subsubsection.3.4.4}{\376\377\000I\000n\000c\000o\000m\000e\000\040\000S\000h\000i\000f\000t\000i\000n\000g\000\040\000M\000e\000c\000h\000a\000n\000i\000s\000m\000s}{subsection.3.4}% 28
\BOOKMARK [3][-]{subsubsection.3.4.5}{\376\377\000S\000y\000n\000t\000h\000e\000s\000i\000s\000\040\000a\000n\000d\000\040\000S\000u\000g\000g\000e\000s\000t\000i\000o\000n\000s\000\040\000f\000o\000r\000\040\000F\000u\000t\000u\000r\000e\000\040\000R\000e\000s\000e\000a\000r\000c\000h}{subsection.3.4}% 29
\BOOKMARK [1][-]{section.4}{\376\377\000T\000y\000p\000e\000\040\000o\000f\000\040\000I\000n\000v\000e\000s\000t\000m\000e\000n\000t\000s\000\040\000a\000n\000d\000\040\000R\000e\000s\000p\000o\000n\000s\000e\000s\000\040\000t\000o\000\040\000D\000i\000s\000c\000l\000o\000s\000u\000r\000e\000\040\000R\000e\000g\000u\000l\000a\000t\000i\000o\000n}{}% 30
\BOOKMARK [2][-]{subsection.4.1}{\376\377\000R\000i\000s\000k\000-\000t\000a\000k\000i\000n\000g\000\040\000a\000n\000d\000\040\000S\000t\000a\000t\000u\000t\000o\000r\000y\000\040\000T\000a\000x\000\040\000R\000a\000t\000e\000\040\000a\000n\000d\000\040\000B\000a\000s\000e\000\040\000R\000u\000l\000e\000s}{section.4}% 31
\BOOKMARK [3][-]{subsubsection.4.1.1}{\376\377\000T\000h\000e\000o\000r\000e\000t\000i\000c\000a\000l\000\040\000U\000n\000d\000e\000r\000p\000i\000n\000n\000i\000n\000g\000s\000\040\000a\000n\000d\000\040\000O\000v\000e\000r\000v\000i\000e\000w}{subsection.4.1}% 32
\BOOKMARK [3][-]{subsubsection.4.1.2}{\376\377\000C\000o\000r\000p\000o\000r\000a\000t\000e\000\040\000T\000a\000x\000e\000s\000\040\000a\000n\000d\000\040\000C\000o\000r\000p\000o\000r\000a\000t\000e\000\040\000R\000i\000s\000k\000-\000T\000a\000k\000i\000n\000g}{subsection.4.1}% 33
\BOOKMARK [3][-]{subsubsection.4.1.3}{\376\377\000E\000x\000e\000c\000u\000t\000i\000v\000e\000s\000'\000\040\000I\000n\000d\000i\000v\000i\000d\000u\000a\000l\000\040\000T\000a\000x\000e\000s\000\040\000a\000n\000d\000\040\000C\000o\000r\000p\000o\000r\000a\000t\000e\000\040\000R\000i\000s\000k\000-\000T\000a\000k\000i\000n\000g}{subsection.4.1}% 34
\BOOKMARK [3][-]{subsubsection.4.1.4}{\376\377\000S\000y\000n\000t\000h\000e\000s\000i\000s\000\040\000a\000n\000d\000\040\000S\000u\000g\000g\000e\000s\000t\000i\000o\000n\000s\000\040\000f\000o\000r\000\040\000F\000u\000t\000u\000r\000e\000\040\000R\000e\000s\000e\000a\000r\000c\000h}{subsection.4.1}% 35
\BOOKMARK [2][-]{subsection.4.2}{\376\377\000I\000n\000d\000i\000r\000e\000c\000t\000\040\000R\000e\000a\000l\000\040\000E\000f\000f\000e\000c\000t\000s\000:\000\040\000E\000x\000t\000e\000r\000n\000a\000l\000i\000t\000i\000e\000s\000\040\000o\000f\000\040\000T\000a\000x\000\040\000P\000o\000l\000i\000c\000y\000\040\000t\000h\000r\000o\000u\000g\000h\000\040\000F\000i\000r\000m\000s\000'\000\040\000R\000e\000s\000p\000o\000n\000s\000e\000s}{section.4}% 36
\BOOKMARK [3][-]{subsubsection.4.2.1}{\376\377\000T\000h\000e\000o\000r\000e\000t\000i\000c\000a\000l\000\040\000U\000n\000d\000e\000r\000p\000i\000n\000n\000i\000n\000g\000s\000\040\000a\000n\000d\000\040\000O\000v\000e\000r\000v\000i\000e\000w}{subsection.4.2}% 37
\BOOKMARK [3][-]{subsubsection.4.2.2}{\376\377\000C\000o\000m\000p\000e\000t\000i\000t\000i\000v\000e\000\040\000E\000f\000f\000e\000c\000t\000s\000\040\000o\000f\000\040\000T\000a\000x\000a\000t\000i\000o\000n}{subsection.4.2}% 38
\BOOKMARK [3][-]{subsubsection.4.2.3}{\376\377\000S\000y\000n\000t\000h\000e\000s\000i\000s\000\040\000a\000n\000d\000\040\000S\000u\000g\000g\000e\000s\000t\000i\000o\000n\000s\000\040\000f\000o\000r\000\040\000F\000u\000t\000u\000r\000e\000\040\000R\000e\000s\000e\000a\000r\000c\000h}{subsection.4.2}% 39
\BOOKMARK [2][-]{subsection.4.3}{\376\377\000T\000a\000x\000e\000s\000\040\000a\000n\000d\000\040\000S\000u\000s\000t\000a\000i\000n\000a\000b\000i\000l\000i\000t\000y\000\040\000O\000u\000t\000c\000o\000m\000e\000s}{section.4}% 40
\BOOKMARK [3][-]{subsubsection.4.3.1}{\376\377\000T\000h\000e\000o\000r\000e\000t\000i\000c\000a\000l\000\040\000U\000n\000d\000e\000r\000p\000i\000n\000n\000i\000n\000g\000s\000\040\000a\000n\000d\000\040\000O\000v\000e\000r\000v\000i\000e\000w}{subsection.4.3}% 41
\BOOKMARK [3][-]{subsubsection.4.3.2}{\376\377\000E\000v\000i\000d\000e\000n\000c\000e\000\040\000o\000n\000\040\000t\000h\000e\000\040\000E\000f\000f\000e\000c\000t\000s\000\040\000o\000f\000\040\000E\000n\000v\000i\000r\000o\000n\000m\000e\000n\000t\000a\000l\000\040\000T\000a\000x\000e\000s}{subsection.4.3}% 42
\BOOKMARK [3][-]{subsubsection.4.3.3}{\376\377\000T\000a\000x\000\040\000S\000t\000r\000a\000t\000e\000g\000i\000e\000s\000\040\000a\000s\000\040\000a\000n\000\040\000E\000S\000G\000\040\000O\000u\000t\000c\000o\000m\000e}{subsection.4.3}% 43
\BOOKMARK [3][-]{subsubsection.4.3.4}{\376\377\000T\000a\000x\000-\000r\000e\000l\000a\000t\000e\000d\000\040\000S\000u\000s\000t\000a\000i\000n\000a\000b\000i\000l\000i\000t\000y\000\040\000D\000i\000s\000c\000l\000o\000s\000u\000r\000e\000s\000\040\000a\000n\000d\000\040\000R\000e\000a\000l\000\040\000E\000f\000f\000e\000c\000t\000s}{subsection.4.3}% 44
\BOOKMARK [3][-]{subsubsection.4.3.5}{\376\377\000S\000y\000n\000t\000h\000e\000s\000i\000s\000\040\000a\000n\000d\000\040\000I\000m\000p\000l\000i\000c\000a\000t\000i\000o\000n\000s\000\040\000f\000o\000r\000\040\000F\000u\000t\000u\000r\000e\000\040\000R\000e\000s\000e\000a\000r\000c\000h}{subsection.4.3}% 45
\BOOKMARK [2][-]{subsection.4.4}{\376\377\000R\000e\000a\000l\000\040\000R\000e\000s\000p\000o\000n\000s\000e\000s\000\040\000t\000o\000\040\000T\000a\000x\000\040\000D\000i\000s\000c\000l\000o\000s\000u\000r\000e\000\040\000R\000e\000g\000u\000l\000a\000t\000i\000o\000n}{section.4}% 46
\BOOKMARK [3][-]{subsubsection.4.4.1}{\376\377\000T\000h\000e\000o\000r\000e\000t\000i\000c\000a\000l\000\040\000U\000n\000d\000e\000r\000p\000i\000n\000n\000i\000n\000g\000s\000\040\000a\000n\000d\000\040\000O\000v\000e\000r\000v\000i\000e\000w}{subsection.4.4}% 47
\BOOKMARK [3][-]{subsubsection.4.4.2}{\376\377\000I\000n\000t\000e\000r\000n\000a\000t\000i\000o\000n\000a\000l\000\040\000T\000a\000x\000\040\000D\000i\000s\000c\000l\000o\000s\000u\000r\000e\000\040\000R\000e\000g\000u\000l\000a\000t\000i\000o\000n}{subsection.4.4}% 48
\BOOKMARK [3][-]{subsubsection.4.4.3}{\376\377\000E\000v\000i\000d\000e\000n\000c\000e\000\040\000f\000r\000o\000m\000\040\000t\000h\000e\000\040\000U\000.\000S\000.}{subsection.4.4}% 49
\BOOKMARK [3][-]{subsubsection.4.4.4}{\376\377\000R\000e\000g\000u\000l\000a\000t\000o\000r\000y\000\040\000A\000v\000o\000i\000d\000a\000n\000c\000e\000\040\000a\000n\000d\000\040\000R\000e\000a\000l\000\040\000E\000f\000f\000e\000c\000t\000s}{subsection.4.4}% 50
\BOOKMARK [3][-]{subsubsection.4.4.5}{\376\377\000S\000y\000n\000t\000h\000e\000s\000i\000s\000\040\000a\000n\000d\000\040\000S\000u\000g\000g\000e\000s\000t\000i\000o\000n\000s\000\040\000f\000o\000r\000\040\000F\000u\000t\000u\000r\000e\000\040\000R\000e\000s\000e\000a\000r\000c\000h}{subsection.4.4}% 51
\BOOKMARK [1][-]{section.5}{\376\377\000C\000o\000n\000c\000l\000u\000d\000i\000n\000g\000\040\000D\000i\000s\000c\000u\000s\000s\000i\000o\000n}{}% 52
